-------------------------------------------------------------------------------
Test set: com.sn.TestSNOWPolarisUIRepo.TestDevOpsApp03
-------------------------------------------------------------------------------
Tests run: 1, Failures: 1, Errors: 0, Skipped: 0, Time elapsed: 0 s <<< FAILURE! - in com.sn.TestSNOWPolarisUIRepo.TestDevOpsApp03
shouldAnswerWithTrue(com.sn.TestSNOWPolarisUIRepo.TestDevOpsApp03)  Time elapsed: 0 s  <<< FAILURE!
java.lang.AssertionError
	at com.sn.TestSNOWPolarisUIRepo.TestDevOpsApp03.shouldAnswerWithTrue(TestDevOpsApp03.java:23)

